(---------------------------------------------------------------------)
(                                                                     )
(    Allegro Netrev Import Logic                                      )
(                                                                     )
(    Drawing          : Led_touch_3dprinter_24V.brd                   )
(    Software Version : 17.2S048                                      )
(    Date/Time        : Wed Nov 21 23:18:13 2018                      )
(                                                                     )
(---------------------------------------------------------------------)


------ Directives ------------

Ripup etch:                  No
Ripup delete first segment:  No
Ripup retain bondwire:       No
Ripup symbols:               Always
Missing symbol has error:    No
DRC update:                  Yes
Schematic directory:         'I:\GitHubRoot\ElectronicDesign\Led_touch_3dprinter_24V'
Design Directory:            'I:/GITHUBROOT/ELECTRONICDESIGN/LED_TOUCH_3DPRINTER_24V'
Old design name:             'I:/GITHUBROOT/ELECTRONICDESIGN/LED_TOUCH_3DPRINTER_24V/Led_touch_3dprinter_24V.brd'
New design name:             'I:/GITHUBROOT/ELECTRONICDESIGN/LED_TOUCH_3DPRINTER_24V/Led_touch_3dprinter_24V.brd'

CmdLine: netrev.exe -y 1 -n -i I:\GitHubRoot\ElectronicDesign\Led_touch_3dprinter_24V I:\GITHUBROOT\ELECTRONICDESIGN\LED_TOUCH_3DPRINTER_24V\Led_touch_3dprinter_24V.brd I:\GITHUBROOT\ELECTRONICDESIGN\LED_TOUCH_3DPRINTER_24V\Led_touch_3dprinter_24V.brd

------ Preparing to read pst files ------

Starting to read I:/GitHubRoot/ElectronicDesign/Led_touch_3dprinter_24V/pstchip.dat 
   Finished reading I:/GitHubRoot/ElectronicDesign/Led_touch_3dprinter_24V/pstchip.dat (00:00:00.02)
Starting to read I:/GitHubRoot/ElectronicDesign/Led_touch_3dprinter_24V/pstxprt.dat 
   Finished reading I:/GitHubRoot/ElectronicDesign/Led_touch_3dprinter_24V/pstxprt.dat (00:00:00.00)
Starting to read I:/GitHubRoot/ElectronicDesign/Led_touch_3dprinter_24V/pstxnet.dat 
   Finished reading I:/GitHubRoot/ElectronicDesign/Led_touch_3dprinter_24V/pstxnet.dat (00:00:00.00)

------ Oversights/Warnings/Errors ------


------ Library Paths ------
MODULEPATH =  . 
           D:/Cadence/Cadence_SPB_17.2-2016/share/local/pcb/modules 

PSMPATH =  . 
           symbols 
           .. 
           ../symbols 
           D:/Cadence/Cadence_SPB_17.2-2016/share/local/pcb/symbols 
           D:/Cadence/Cadence_SPB_17.2-2016/share/pcb/pcb_lib/symbols 
           D:/Cadence/Cadence_SPB_17.2-2016/share/pcb/allegrolib/symbols 

PADPATH =  . 
           symbols 
           .. 
           ../symbols 
           D:/Cadence/Cadence_SPB_17.2-2016/share/local/pcb/padstacks 
           D:/Cadence/Cadence_SPB_17.2-2016/share/pcb/pcb_lib/symbols 
           D:/Cadence/Cadence_SPB_17.2-2016/share/pcb/allegrolib/symbols 


------ Summary Statistics ------


netrev run on Nov 21 23:18:13 2018
   DESIGN NAME : 'LED_TOUCH_TTP223_24V'
   PACKAGING ON Sep 30 2018 09:40:24

   COMPILE 'logic'
   CHECK_PIN_NAMES OFF
   CROSS_REFERENCE OFF
   FEEDBACK OFF
   INCREMENTAL OFF
   INTERFACE_TYPE PHYSICAL
   MAX_ERRORS 500
   MERGE_MINIMUM 5
   NET_NAME_CHARS '#%&()*+-./:=>?@[]^_`|'
   NET_NAME_LENGTH 24
   OVERSIGHTS ON
   REPLACE_CHECK OFF
   SINGLE_NODE_NETS ON
   SPLIT_MINIMUM 0
   SUPPRESS   20
   WARNINGS ON

 No error detected
 No oversight detected
 No warning detected

cpu time      0:00:49
elapsed time  0:00:00

